ARM GAS  /tmp/ccjGczVy.s 			page 1


   1              		.cpu cortex-m7
   2              		.arch armv7e-m
   3              		.fpu fpv5-d16
   4              		.eabi_attribute 28, 1
   5              		.eabi_attribute 20, 1
   6              		.eabi_attribute 21, 1
   7              		.eabi_attribute 23, 3
   8              		.eabi_attribute 24, 1
   9              		.eabi_attribute 25, 1
  10              		.eabi_attribute 26, 1
  11              		.eabi_attribute 30, 1
  12              		.eabi_attribute 34, 1
  13              		.eabi_attribute 18, 4
  14              		.file	"system_stm32h7xx.c"
  15              		.text
  16              	.Ltext0:
  17              		.cfi_sections	.debug_frame
  18              		.file 1 "Core/Src/system_stm32h7xx.c"
  19              		.section	.text.SystemInit,"ax",%progbits
  20              		.align	1
  21              		.global	SystemInit
  22              		.syntax unified
  23              		.thumb
  24              		.thumb_func
  26              	SystemInit:
  27              	.LFB337:
   1:Core/Src/system_stm32h7xx.c **** /**
   2:Core/Src/system_stm32h7xx.c ****   ******************************************************************************
   3:Core/Src/system_stm32h7xx.c ****   * @file    system_stm32h7xx.c
   4:Core/Src/system_stm32h7xx.c ****   * @author  MCD Application Team
   5:Core/Src/system_stm32h7xx.c ****   * @brief   CMSIS Cortex-Mx Device Peripheral Access Layer System Source File.
   6:Core/Src/system_stm32h7xx.c ****   *
   7:Core/Src/system_stm32h7xx.c ****   *   This file provides two functions and one global variable to be called from
   8:Core/Src/system_stm32h7xx.c ****   *   user application:
   9:Core/Src/system_stm32h7xx.c ****   *      - ExitRun0Mode(): Specifies the Power Supply source. This function is
  10:Core/Src/system_stm32h7xx.c ****   *                        called at startup just after reset and before the call
  11:Core/Src/system_stm32h7xx.c ****   *                        of SystemInit(). This call is made inside
  12:Core/Src/system_stm32h7xx.c ****   *                        the "startup_stm32h7xx.s" file.
  13:Core/Src/system_stm32h7xx.c ****   *
  14:Core/Src/system_stm32h7xx.c ****   *      - SystemInit(): This function is called at startup just after reset and
  15:Core/Src/system_stm32h7xx.c ****   *                      before branch to main program. This call is made inside
  16:Core/Src/system_stm32h7xx.c ****   *                      the "startup_stm32h7xx.s" file.
  17:Core/Src/system_stm32h7xx.c ****   *
  18:Core/Src/system_stm32h7xx.c ****   *      - SystemCoreClock variable: Contains the core clock, it can be used
  19:Core/Src/system_stm32h7xx.c ****   *                                  by the user application to setup the SysTick
  20:Core/Src/system_stm32h7xx.c ****   *                                  timer or configure other parameters.
  21:Core/Src/system_stm32h7xx.c ****   *
  22:Core/Src/system_stm32h7xx.c ****   *      - SystemCoreClockUpdate(): Updates the variable SystemCoreClock and must
  23:Core/Src/system_stm32h7xx.c ****   *                                 be called whenever the core clock is changed
  24:Core/Src/system_stm32h7xx.c ****   *                                 during program execution.
  25:Core/Src/system_stm32h7xx.c ****   *
  26:Core/Src/system_stm32h7xx.c ****   *
  27:Core/Src/system_stm32h7xx.c ****   ******************************************************************************
  28:Core/Src/system_stm32h7xx.c ****   * @attention
  29:Core/Src/system_stm32h7xx.c ****   *
  30:Core/Src/system_stm32h7xx.c ****   * Copyright (c) 2017 STMicroelectronics.
  31:Core/Src/system_stm32h7xx.c ****   * All rights reserved.
ARM GAS  /tmp/ccjGczVy.s 			page 2


  32:Core/Src/system_stm32h7xx.c ****   *
  33:Core/Src/system_stm32h7xx.c ****   * This software is licensed under terms that can be found in the LICENSE file
  34:Core/Src/system_stm32h7xx.c ****   * in the root directory of this software component.
  35:Core/Src/system_stm32h7xx.c ****   * If no LICENSE file comes with this software, it is provided AS-IS.
  36:Core/Src/system_stm32h7xx.c ****   *
  37:Core/Src/system_stm32h7xx.c ****   ******************************************************************************
  38:Core/Src/system_stm32h7xx.c ****   */
  39:Core/Src/system_stm32h7xx.c **** 
  40:Core/Src/system_stm32h7xx.c **** /** @addtogroup CMSIS
  41:Core/Src/system_stm32h7xx.c ****   * @{
  42:Core/Src/system_stm32h7xx.c ****   */
  43:Core/Src/system_stm32h7xx.c **** 
  44:Core/Src/system_stm32h7xx.c **** /** @addtogroup stm32h7xx_system
  45:Core/Src/system_stm32h7xx.c ****   * @{
  46:Core/Src/system_stm32h7xx.c ****   */
  47:Core/Src/system_stm32h7xx.c **** 
  48:Core/Src/system_stm32h7xx.c **** /** @addtogroup STM32H7xx_System_Private_Includes
  49:Core/Src/system_stm32h7xx.c ****   * @{
  50:Core/Src/system_stm32h7xx.c ****   */
  51:Core/Src/system_stm32h7xx.c **** 
  52:Core/Src/system_stm32h7xx.c **** #include "stm32h7xx.h"
  53:Core/Src/system_stm32h7xx.c **** #include <math.h>
  54:Core/Src/system_stm32h7xx.c **** 
  55:Core/Src/system_stm32h7xx.c **** #if !defined  (HSE_VALUE)
  56:Core/Src/system_stm32h7xx.c **** #define HSE_VALUE    ((uint32_t)25000000) /*!< Value of the External oscillator in Hz */
  57:Core/Src/system_stm32h7xx.c **** #endif /* HSE_VALUE */
  58:Core/Src/system_stm32h7xx.c **** 
  59:Core/Src/system_stm32h7xx.c **** #if !defined  (CSI_VALUE)
  60:Core/Src/system_stm32h7xx.c ****   #define CSI_VALUE    ((uint32_t)4000000) /*!< Value of the Internal oscillator in Hz*/
  61:Core/Src/system_stm32h7xx.c **** #endif /* CSI_VALUE */
  62:Core/Src/system_stm32h7xx.c **** 
  63:Core/Src/system_stm32h7xx.c **** #if !defined  (HSI_VALUE)
  64:Core/Src/system_stm32h7xx.c ****   #define HSI_VALUE    ((uint32_t)64000000) /*!< Value of the Internal oscillator in Hz*/
  65:Core/Src/system_stm32h7xx.c **** #endif /* HSI_VALUE */
  66:Core/Src/system_stm32h7xx.c **** 
  67:Core/Src/system_stm32h7xx.c **** 
  68:Core/Src/system_stm32h7xx.c **** /**
  69:Core/Src/system_stm32h7xx.c ****   * @}
  70:Core/Src/system_stm32h7xx.c ****   */
  71:Core/Src/system_stm32h7xx.c **** 
  72:Core/Src/system_stm32h7xx.c **** /** @addtogroup STM32H7xx_System_Private_TypesDefinitions
  73:Core/Src/system_stm32h7xx.c ****   * @{
  74:Core/Src/system_stm32h7xx.c ****   */
  75:Core/Src/system_stm32h7xx.c **** 
  76:Core/Src/system_stm32h7xx.c **** /**
  77:Core/Src/system_stm32h7xx.c ****   * @}
  78:Core/Src/system_stm32h7xx.c ****   */
  79:Core/Src/system_stm32h7xx.c **** 
  80:Core/Src/system_stm32h7xx.c **** /** @addtogroup STM32H7xx_System_Private_Defines
  81:Core/Src/system_stm32h7xx.c ****   * @{
  82:Core/Src/system_stm32h7xx.c ****   */
  83:Core/Src/system_stm32h7xx.c **** 
  84:Core/Src/system_stm32h7xx.c **** /************************* Miscellaneous Configuration ************************/
  85:Core/Src/system_stm32h7xx.c **** /*!< Uncomment the following line if you need to use initialized data in D2 domain SRAM (AHB SRAM) 
  86:Core/Src/system_stm32h7xx.c **** /* #define DATA_IN_D2_SRAM */
  87:Core/Src/system_stm32h7xx.c **** 
  88:Core/Src/system_stm32h7xx.c **** /* Note: Following vector table addresses must be defined in line with linker
ARM GAS  /tmp/ccjGczVy.s 			page 3


  89:Core/Src/system_stm32h7xx.c ****          configuration. */
  90:Core/Src/system_stm32h7xx.c **** /*!< Uncomment the following line if you need to relocate the vector table
  91:Core/Src/system_stm32h7xx.c ****      anywhere in FLASH BANK1 or AXI SRAM, else the vector table is kept at the automatic
  92:Core/Src/system_stm32h7xx.c ****      remap of boot address selected */
  93:Core/Src/system_stm32h7xx.c **** /* #define USER_VECT_TAB_ADDRESS */
  94:Core/Src/system_stm32h7xx.c **** 
  95:Core/Src/system_stm32h7xx.c **** #if defined(USER_VECT_TAB_ADDRESS)
  96:Core/Src/system_stm32h7xx.c **** #if defined(DUAL_CORE) && defined(CORE_CM4)
  97:Core/Src/system_stm32h7xx.c **** /*!< Uncomment the following line if you need to relocate your vector Table
  98:Core/Src/system_stm32h7xx.c ****      in D2 AXI SRAM else user remap will be done in FLASH BANK2. */
  99:Core/Src/system_stm32h7xx.c **** /* #define VECT_TAB_SRAM */
 100:Core/Src/system_stm32h7xx.c **** #if defined(VECT_TAB_SRAM)
 101:Core/Src/system_stm32h7xx.c **** #define VECT_TAB_BASE_ADDRESS   D2_AXISRAM_BASE   /*!< Vector Table base address field.
 102:Core/Src/system_stm32h7xx.c ****                                                        This value must be a multiple of 0x400. */
 103:Core/Src/system_stm32h7xx.c **** #else
 104:Core/Src/system_stm32h7xx.c **** #define VECT_TAB_BASE_ADDRESS   FLASH_BANK2_BASE  /*!< Vector Table base address field.
 105:Core/Src/system_stm32h7xx.c ****                                                        This value must be a multiple of 0x400. */
 106:Core/Src/system_stm32h7xx.c **** #endif /* VECT_TAB_SRAM */
 107:Core/Src/system_stm32h7xx.c **** #else
 108:Core/Src/system_stm32h7xx.c **** /*!< Uncomment the following line if you need to relocate your vector Table
 109:Core/Src/system_stm32h7xx.c ****      in D1 AXI SRAM else user remap will be done in FLASH BANK1. */
 110:Core/Src/system_stm32h7xx.c **** /* #define VECT_TAB_SRAM */
 111:Core/Src/system_stm32h7xx.c **** #if defined(VECT_TAB_SRAM)
 112:Core/Src/system_stm32h7xx.c **** #define VECT_TAB_BASE_ADDRESS   D1_AXISRAM_BASE   /*!< Vector Table base address field.
 113:Core/Src/system_stm32h7xx.c ****                                                        This value must be a multiple of 0x400. */
 114:Core/Src/system_stm32h7xx.c **** #else
 115:Core/Src/system_stm32h7xx.c **** #define VECT_TAB_BASE_ADDRESS   FLASH_BANK1_BASE  /*!< Vector Table base address field.
 116:Core/Src/system_stm32h7xx.c ****                                                        This value must be a multiple of 0x400. */
 117:Core/Src/system_stm32h7xx.c **** #endif /* VECT_TAB_SRAM */
 118:Core/Src/system_stm32h7xx.c **** #endif /* DUAL_CORE && CORE_CM4 */
 119:Core/Src/system_stm32h7xx.c **** 
 120:Core/Src/system_stm32h7xx.c **** #if !defined(VECT_TAB_OFFSET)
 121:Core/Src/system_stm32h7xx.c **** #define VECT_TAB_OFFSET         0x00000000U       /*!< Vector Table base offset field.
 122:Core/Src/system_stm32h7xx.c ****                                                        This value must be a multiple of 0x400. */
 123:Core/Src/system_stm32h7xx.c **** #endif /* VECT_TAB_OFFSET */
 124:Core/Src/system_stm32h7xx.c **** 
 125:Core/Src/system_stm32h7xx.c **** #endif /* USER_VECT_TAB_ADDRESS */
 126:Core/Src/system_stm32h7xx.c **** /******************************************************************************/
 127:Core/Src/system_stm32h7xx.c **** 
 128:Core/Src/system_stm32h7xx.c **** /**
 129:Core/Src/system_stm32h7xx.c ****   * @}
 130:Core/Src/system_stm32h7xx.c ****   */
 131:Core/Src/system_stm32h7xx.c **** 
 132:Core/Src/system_stm32h7xx.c **** /** @addtogroup STM32H7xx_System_Private_Macros
 133:Core/Src/system_stm32h7xx.c ****   * @{
 134:Core/Src/system_stm32h7xx.c ****   */
 135:Core/Src/system_stm32h7xx.c **** 
 136:Core/Src/system_stm32h7xx.c **** /**
 137:Core/Src/system_stm32h7xx.c ****   * @}
 138:Core/Src/system_stm32h7xx.c ****   */
 139:Core/Src/system_stm32h7xx.c **** 
 140:Core/Src/system_stm32h7xx.c **** /** @addtogroup STM32H7xx_System_Private_Variables
 141:Core/Src/system_stm32h7xx.c ****   * @{
 142:Core/Src/system_stm32h7xx.c ****   */
 143:Core/Src/system_stm32h7xx.c ****   /* This variable is updated in three ways:
 144:Core/Src/system_stm32h7xx.c ****       1) by calling CMSIS function SystemCoreClockUpdate()
 145:Core/Src/system_stm32h7xx.c ****       2) by calling HAL API function HAL_RCC_GetHCLKFreq()
ARM GAS  /tmp/ccjGczVy.s 			page 4


 146:Core/Src/system_stm32h7xx.c ****       3) each time HAL_RCC_ClockConfig() is called to configure the system clock frequency
 147:Core/Src/system_stm32h7xx.c ****          Note: If you use this function to configure the system clock; then there
 148:Core/Src/system_stm32h7xx.c ****                is no need to call the 2 first functions listed above, since SystemCoreClock
 149:Core/Src/system_stm32h7xx.c ****                variable is updated automatically.
 150:Core/Src/system_stm32h7xx.c ****   */
 151:Core/Src/system_stm32h7xx.c ****   uint32_t SystemCoreClock = 64000000;
 152:Core/Src/system_stm32h7xx.c ****   uint32_t SystemD2Clock = 64000000;
 153:Core/Src/system_stm32h7xx.c ****   const  uint8_t D1CorePrescTable[16] = {0, 0, 0, 0, 1, 2, 3, 4, 1, 2, 3, 4, 6, 7, 8, 9};
 154:Core/Src/system_stm32h7xx.c **** 
 155:Core/Src/system_stm32h7xx.c **** /**
 156:Core/Src/system_stm32h7xx.c ****   * @}
 157:Core/Src/system_stm32h7xx.c ****   */
 158:Core/Src/system_stm32h7xx.c **** 
 159:Core/Src/system_stm32h7xx.c **** /** @addtogroup STM32H7xx_System_Private_FunctionPrototypes
 160:Core/Src/system_stm32h7xx.c ****   * @{
 161:Core/Src/system_stm32h7xx.c ****   */
 162:Core/Src/system_stm32h7xx.c **** 
 163:Core/Src/system_stm32h7xx.c **** /**
 164:Core/Src/system_stm32h7xx.c ****   * @}
 165:Core/Src/system_stm32h7xx.c ****   */
 166:Core/Src/system_stm32h7xx.c **** 
 167:Core/Src/system_stm32h7xx.c **** /** @addtogroup STM32H7xx_System_Private_Functions
 168:Core/Src/system_stm32h7xx.c ****   * @{
 169:Core/Src/system_stm32h7xx.c ****   */
 170:Core/Src/system_stm32h7xx.c **** 
 171:Core/Src/system_stm32h7xx.c **** /**
 172:Core/Src/system_stm32h7xx.c ****   * @brief  Setup the microcontroller system
 173:Core/Src/system_stm32h7xx.c ****   *         Initialize the FPU setting and  vector table location
 174:Core/Src/system_stm32h7xx.c ****   *         configuration.
 175:Core/Src/system_stm32h7xx.c ****   * @param  None
 176:Core/Src/system_stm32h7xx.c ****   * @retval None
 177:Core/Src/system_stm32h7xx.c ****   */
 178:Core/Src/system_stm32h7xx.c **** void SystemInit (void)
 179:Core/Src/system_stm32h7xx.c **** {
  28              		.loc 1 179 1 view -0
  29              		.cfi_startproc
  30              		@ args = 0, pretend = 0, frame = 0
  31              		@ frame_needed = 0, uses_anonymous_args = 0
  32              		@ link register save eliminated.
 180:Core/Src/system_stm32h7xx.c **** #if defined (DATA_IN_D2_SRAM)
 181:Core/Src/system_stm32h7xx.c ****  __IO uint32_t tmpreg;
 182:Core/Src/system_stm32h7xx.c **** #endif /* DATA_IN_D2_SRAM */
 183:Core/Src/system_stm32h7xx.c **** 
 184:Core/Src/system_stm32h7xx.c ****   /* FPU settings ------------------------------------------------------------*/
 185:Core/Src/system_stm32h7xx.c ****   #if (__FPU_PRESENT == 1) && (__FPU_USED == 1)
 186:Core/Src/system_stm32h7xx.c ****     SCB->CPACR |= ((3UL << (10*2))|(3UL << (11*2)));  /* set CP10 and CP11 Full Access */
  33              		.loc 1 186 5 view .LVU1
  34              		.loc 1 186 8 is_stmt 0 view .LVU2
  35 0000 314A     		ldr	r2, .L6
  36 0002 D2F88830 		ldr	r3, [r2, #136]
  37              		.loc 1 186 16 view .LVU3
  38 0006 43F47003 		orr	r3, r3, #15728640
  39 000a C2F88830 		str	r3, [r2, #136]
 187:Core/Src/system_stm32h7xx.c ****   #endif
 188:Core/Src/system_stm32h7xx.c ****   /* Reset the RCC clock configuration to the default reset state ------------*/
 189:Core/Src/system_stm32h7xx.c **** 
 190:Core/Src/system_stm32h7xx.c ****    /* Increasing the CPU frequency */
ARM GAS  /tmp/ccjGczVy.s 			page 5


 191:Core/Src/system_stm32h7xx.c ****   if(FLASH_LATENCY_DEFAULT  > (READ_BIT((FLASH->ACR), FLASH_ACR_LATENCY)))
  40              		.loc 1 191 3 is_stmt 1 view .LVU4
  41              		.loc 1 191 32 is_stmt 0 view .LVU5
  42 000e 2F4B     		ldr	r3, .L6+4
  43 0010 1B68     		ldr	r3, [r3]
  44 0012 03F00F03 		and	r3, r3, #15
  45              		.loc 1 191 5 view .LVU6
  46 0016 062B     		cmp	r3, #6
  47 0018 06D8     		bhi	.L2
 192:Core/Src/system_stm32h7xx.c ****   {
 193:Core/Src/system_stm32h7xx.c ****     /* Program the new number of wait states to the LATENCY bits in the FLASH_ACR register */
 194:Core/Src/system_stm32h7xx.c ****     MODIFY_REG(FLASH->ACR, FLASH_ACR_LATENCY, (uint32_t)(FLASH_LATENCY_DEFAULT));
  48              		.loc 1 194 5 is_stmt 1 view .LVU7
  49 001a 2C4A     		ldr	r2, .L6+4
  50 001c 1368     		ldr	r3, [r2]
  51 001e 23F00F03 		bic	r3, r3, #15
  52 0022 43F00703 		orr	r3, r3, #7
  53 0026 1360     		str	r3, [r2]
  54              	.L2:
 195:Core/Src/system_stm32h7xx.c ****   }
 196:Core/Src/system_stm32h7xx.c **** 
 197:Core/Src/system_stm32h7xx.c ****   /* Set HSION bit */
 198:Core/Src/system_stm32h7xx.c ****   RCC->CR |= RCC_CR_HSION;
  55              		.loc 1 198 3 view .LVU8
  56              		.loc 1 198 6 is_stmt 0 view .LVU9
  57 0028 294B     		ldr	r3, .L6+8
  58 002a 1A68     		ldr	r2, [r3]
  59              		.loc 1 198 11 view .LVU10
  60 002c 42F00102 		orr	r2, r2, #1
  61 0030 1A60     		str	r2, [r3]
 199:Core/Src/system_stm32h7xx.c **** 
 200:Core/Src/system_stm32h7xx.c ****   /* Reset CFGR register */
 201:Core/Src/system_stm32h7xx.c ****   RCC->CFGR = 0x00000000;
  62              		.loc 1 201 3 is_stmt 1 view .LVU11
  63              		.loc 1 201 13 is_stmt 0 view .LVU12
  64 0032 0022     		movs	r2, #0
  65 0034 1A61     		str	r2, [r3, #16]
 202:Core/Src/system_stm32h7xx.c **** 
 203:Core/Src/system_stm32h7xx.c ****   /* Reset HSEON, HSECSSON, CSION, HSI48ON, CSIKERON, PLL1ON, PLL2ON and PLL3ON bits */
 204:Core/Src/system_stm32h7xx.c ****   RCC->CR &= 0xEAF6ED7FU;
  66              		.loc 1 204 3 is_stmt 1 view .LVU13
  67              		.loc 1 204 6 is_stmt 0 view .LVU14
  68 0036 1968     		ldr	r1, [r3]
  69              		.loc 1 204 11 view .LVU15
  70 0038 264A     		ldr	r2, .L6+12
  71 003a 0A40     		ands	r2, r2, r1
  72 003c 1A60     		str	r2, [r3]
 205:Core/Src/system_stm32h7xx.c **** 
 206:Core/Src/system_stm32h7xx.c ****    /* Decreasing the number of wait states because of lower CPU frequency */
 207:Core/Src/system_stm32h7xx.c ****   if(FLASH_LATENCY_DEFAULT  < (READ_BIT((FLASH->ACR), FLASH_ACR_LATENCY)))
  73              		.loc 1 207 3 is_stmt 1 view .LVU16
  74              		.loc 1 207 32 is_stmt 0 view .LVU17
  75 003e 234B     		ldr	r3, .L6+4
  76 0040 1B68     		ldr	r3, [r3]
  77              		.loc 1 207 5 view .LVU18
  78 0042 13F0080F 		tst	r3, #8
  79 0046 06D0     		beq	.L3
ARM GAS  /tmp/ccjGczVy.s 			page 6


 208:Core/Src/system_stm32h7xx.c ****   {
 209:Core/Src/system_stm32h7xx.c ****     /* Program the new number of wait states to the LATENCY bits in the FLASH_ACR register */
 210:Core/Src/system_stm32h7xx.c ****     MODIFY_REG(FLASH->ACR, FLASH_ACR_LATENCY, (uint32_t)(FLASH_LATENCY_DEFAULT));
  80              		.loc 1 210 5 is_stmt 1 view .LVU19
  81 0048 204A     		ldr	r2, .L6+4
  82 004a 1368     		ldr	r3, [r2]
  83 004c 23F00F03 		bic	r3, r3, #15
  84 0050 43F00703 		orr	r3, r3, #7
  85 0054 1360     		str	r3, [r2]
  86              	.L3:
 211:Core/Src/system_stm32h7xx.c ****   }
 212:Core/Src/system_stm32h7xx.c **** 
 213:Core/Src/system_stm32h7xx.c **** #if defined(D3_SRAM_BASE)
 214:Core/Src/system_stm32h7xx.c ****   /* Reset D1CFGR register */
 215:Core/Src/system_stm32h7xx.c ****   RCC->D1CFGR = 0x00000000;
  87              		.loc 1 215 3 view .LVU20
  88              		.loc 1 215 15 is_stmt 0 view .LVU21
  89 0056 1E4B     		ldr	r3, .L6+8
  90 0058 0022     		movs	r2, #0
  91 005a 9A61     		str	r2, [r3, #24]
 216:Core/Src/system_stm32h7xx.c **** 
 217:Core/Src/system_stm32h7xx.c ****   /* Reset D2CFGR register */
 218:Core/Src/system_stm32h7xx.c ****   RCC->D2CFGR = 0x00000000;
  92              		.loc 1 218 3 is_stmt 1 view .LVU22
  93              		.loc 1 218 15 is_stmt 0 view .LVU23
  94 005c DA61     		str	r2, [r3, #28]
 219:Core/Src/system_stm32h7xx.c **** 
 220:Core/Src/system_stm32h7xx.c ****   /* Reset D3CFGR register */
 221:Core/Src/system_stm32h7xx.c ****   RCC->D3CFGR = 0x00000000;
  95              		.loc 1 221 3 is_stmt 1 view .LVU24
  96              		.loc 1 221 15 is_stmt 0 view .LVU25
  97 005e 1A62     		str	r2, [r3, #32]
 222:Core/Src/system_stm32h7xx.c **** #else
 223:Core/Src/system_stm32h7xx.c ****   /* Reset CDCFGR1 register */
 224:Core/Src/system_stm32h7xx.c ****   RCC->CDCFGR1 = 0x00000000;
 225:Core/Src/system_stm32h7xx.c **** 
 226:Core/Src/system_stm32h7xx.c ****   /* Reset CDCFGR2 register */
 227:Core/Src/system_stm32h7xx.c ****   RCC->CDCFGR2 = 0x00000000;
 228:Core/Src/system_stm32h7xx.c **** 
 229:Core/Src/system_stm32h7xx.c ****   /* Reset SRDCFGR register */
 230:Core/Src/system_stm32h7xx.c ****   RCC->SRDCFGR = 0x00000000;
 231:Core/Src/system_stm32h7xx.c **** #endif
 232:Core/Src/system_stm32h7xx.c ****   /* Reset PLLCKSELR register */
 233:Core/Src/system_stm32h7xx.c ****   RCC->PLLCKSELR = 0x02020200;
  98              		.loc 1 233 3 is_stmt 1 view .LVU26
  99              		.loc 1 233 18 is_stmt 0 view .LVU27
 100 0060 1D49     		ldr	r1, .L6+16
 101 0062 9962     		str	r1, [r3, #40]
 234:Core/Src/system_stm32h7xx.c **** 
 235:Core/Src/system_stm32h7xx.c ****   /* Reset PLLCFGR register */
 236:Core/Src/system_stm32h7xx.c ****   RCC->PLLCFGR = 0x01FF0000;
 102              		.loc 1 236 3 is_stmt 1 view .LVU28
 103              		.loc 1 236 16 is_stmt 0 view .LVU29
 104 0064 1D49     		ldr	r1, .L6+20
 105 0066 D962     		str	r1, [r3, #44]
 237:Core/Src/system_stm32h7xx.c ****   /* Reset PLL1DIVR register */
 238:Core/Src/system_stm32h7xx.c ****   RCC->PLL1DIVR = 0x01010280;
ARM GAS  /tmp/ccjGczVy.s 			page 7


 106              		.loc 1 238 3 is_stmt 1 view .LVU30
 107              		.loc 1 238 17 is_stmt 0 view .LVU31
 108 0068 1D49     		ldr	r1, .L6+24
 109 006a 1963     		str	r1, [r3, #48]
 239:Core/Src/system_stm32h7xx.c ****   /* Reset PLL1FRACR register */
 240:Core/Src/system_stm32h7xx.c ****   RCC->PLL1FRACR = 0x00000000;
 110              		.loc 1 240 3 is_stmt 1 view .LVU32
 111              		.loc 1 240 18 is_stmt 0 view .LVU33
 112 006c 5A63     		str	r2, [r3, #52]
 241:Core/Src/system_stm32h7xx.c **** 
 242:Core/Src/system_stm32h7xx.c ****   /* Reset PLL2DIVR register */
 243:Core/Src/system_stm32h7xx.c ****   RCC->PLL2DIVR = 0x01010280;
 113              		.loc 1 243 3 is_stmt 1 view .LVU34
 114              		.loc 1 243 17 is_stmt 0 view .LVU35
 115 006e 9963     		str	r1, [r3, #56]
 244:Core/Src/system_stm32h7xx.c **** 
 245:Core/Src/system_stm32h7xx.c ****   /* Reset PLL2FRACR register */
 246:Core/Src/system_stm32h7xx.c **** 
 247:Core/Src/system_stm32h7xx.c ****   RCC->PLL2FRACR = 0x00000000;
 116              		.loc 1 247 3 is_stmt 1 view .LVU36
 117              		.loc 1 247 18 is_stmt 0 view .LVU37
 118 0070 DA63     		str	r2, [r3, #60]
 248:Core/Src/system_stm32h7xx.c ****   /* Reset PLL3DIVR register */
 249:Core/Src/system_stm32h7xx.c ****   RCC->PLL3DIVR = 0x01010280;
 119              		.loc 1 249 3 is_stmt 1 view .LVU38
 120              		.loc 1 249 17 is_stmt 0 view .LVU39
 121 0072 1964     		str	r1, [r3, #64]
 250:Core/Src/system_stm32h7xx.c **** 
 251:Core/Src/system_stm32h7xx.c ****   /* Reset PLL3FRACR register */
 252:Core/Src/system_stm32h7xx.c ****   RCC->PLL3FRACR = 0x00000000;
 122              		.loc 1 252 3 is_stmt 1 view .LVU40
 123              		.loc 1 252 18 is_stmt 0 view .LVU41
 124 0074 5A64     		str	r2, [r3, #68]
 253:Core/Src/system_stm32h7xx.c **** 
 254:Core/Src/system_stm32h7xx.c ****   /* Reset HSEBYP bit */
 255:Core/Src/system_stm32h7xx.c ****   RCC->CR &= 0xFFFBFFFFU;
 125              		.loc 1 255 3 is_stmt 1 view .LVU42
 126              		.loc 1 255 6 is_stmt 0 view .LVU43
 127 0076 1968     		ldr	r1, [r3]
 128              		.loc 1 255 11 view .LVU44
 129 0078 21F48021 		bic	r1, r1, #262144
 130 007c 1960     		str	r1, [r3]
 256:Core/Src/system_stm32h7xx.c **** 
 257:Core/Src/system_stm32h7xx.c ****   /* Disable all interrupts */
 258:Core/Src/system_stm32h7xx.c ****   RCC->CIER = 0x00000000;
 131              		.loc 1 258 3 is_stmt 1 view .LVU45
 132              		.loc 1 258 13 is_stmt 0 view .LVU46
 133 007e 1A66     		str	r2, [r3, #96]
 259:Core/Src/system_stm32h7xx.c **** 
 260:Core/Src/system_stm32h7xx.c **** #if (STM32H7_DEV_ID == 0x450UL)
 261:Core/Src/system_stm32h7xx.c ****   /* dual core CM7 or single core line */
 262:Core/Src/system_stm32h7xx.c ****   if((DBGMCU->IDCODE & 0xFFFF0000U) < 0x20000000U)
 134              		.loc 1 262 3 is_stmt 1 view .LVU47
 135              		.loc 1 262 13 is_stmt 0 view .LVU48
 136 0080 184B     		ldr	r3, .L6+28
 137 0082 1B68     		ldr	r3, [r3]
 138              		.loc 1 262 22 view .LVU49
ARM GAS  /tmp/ccjGczVy.s 			page 8


 139 0084 6FF30F03 		bfc	r3, #0, #16
 140              		.loc 1 262 5 view .LVU50
 141 0088 B3F1005F 		cmp	r3, #536870912
 142 008c 03D2     		bcs	.L4
 263:Core/Src/system_stm32h7xx.c ****   {
 264:Core/Src/system_stm32h7xx.c ****     /* if stm32h7 revY*/
 265:Core/Src/system_stm32h7xx.c ****     /* Change  the switch matrix read issuing capability to 1 for the AXI SRAM target (Target 7) */
 266:Core/Src/system_stm32h7xx.c ****     *((__IO uint32_t*)0x51008108) = 0x000000001U;
 143              		.loc 1 266 5 is_stmt 1 view .LVU51
 144              		.loc 1 266 35 is_stmt 0 view .LVU52
 145 008e 164B     		ldr	r3, .L6+32
 146 0090 0122     		movs	r2, #1
 147 0092 C3F80821 		str	r2, [r3, #264]
 148              	.L4:
 267:Core/Src/system_stm32h7xx.c ****   }
 268:Core/Src/system_stm32h7xx.c **** #endif /* STM32H7_DEV_ID */
 269:Core/Src/system_stm32h7xx.c **** 
 270:Core/Src/system_stm32h7xx.c **** #if defined(DATA_IN_D2_SRAM)
 271:Core/Src/system_stm32h7xx.c ****   /* in case of initialized data in D2 SRAM (AHB SRAM), enable the D2 SRAM clock (AHB SRAM clock) *
 272:Core/Src/system_stm32h7xx.c **** #if defined(RCC_AHB2ENR_D2SRAM3EN)
 273:Core/Src/system_stm32h7xx.c ****   RCC->AHB2ENR |= (RCC_AHB2ENR_D2SRAM1EN | RCC_AHB2ENR_D2SRAM2EN | RCC_AHB2ENR_D2SRAM3EN);
 274:Core/Src/system_stm32h7xx.c **** #elif defined(RCC_AHB2ENR_D2SRAM2EN)
 275:Core/Src/system_stm32h7xx.c ****   RCC->AHB2ENR |= (RCC_AHB2ENR_D2SRAM1EN | RCC_AHB2ENR_D2SRAM2EN);
 276:Core/Src/system_stm32h7xx.c **** #else
 277:Core/Src/system_stm32h7xx.c ****   RCC->AHB2ENR |= (RCC_AHB2ENR_AHBSRAM1EN | RCC_AHB2ENR_AHBSRAM2EN);
 278:Core/Src/system_stm32h7xx.c **** #endif /* RCC_AHB2ENR_D2SRAM3EN */
 279:Core/Src/system_stm32h7xx.c **** 
 280:Core/Src/system_stm32h7xx.c ****   tmpreg = RCC->AHB2ENR;
 281:Core/Src/system_stm32h7xx.c ****   (void) tmpreg;
 282:Core/Src/system_stm32h7xx.c **** #endif /* DATA_IN_D2_SRAM */
 283:Core/Src/system_stm32h7xx.c **** 
 284:Core/Src/system_stm32h7xx.c **** #if defined(DUAL_CORE) && defined(CORE_CM4)
 285:Core/Src/system_stm32h7xx.c ****   /* Configure the Vector Table location add offset address for cortex-M4 ------------------*/
 286:Core/Src/system_stm32h7xx.c **** #if defined(USER_VECT_TAB_ADDRESS)
 287:Core/Src/system_stm32h7xx.c ****   SCB->VTOR = VECT_TAB_BASE_ADDRESS | VECT_TAB_OFFSET; /* Vector Table Relocation in Internal D2 AX
 288:Core/Src/system_stm32h7xx.c **** #endif /* USER_VECT_TAB_ADDRESS */
 289:Core/Src/system_stm32h7xx.c **** 
 290:Core/Src/system_stm32h7xx.c **** #else
 291:Core/Src/system_stm32h7xx.c ****   if(READ_BIT(RCC->AHB3ENR, RCC_AHB3ENR_FMCEN) == 0U)
 149              		.loc 1 291 3 is_stmt 1 view .LVU53
 150              		.loc 1 291 6 is_stmt 0 view .LVU54
 151 0096 0E4B     		ldr	r3, .L6+8
 152 0098 D3F8D430 		ldr	r3, [r3, #212]
 153              		.loc 1 291 5 view .LVU55
 154 009c 13F4805F 		tst	r3, #4096
 155 00a0 10D1     		bne	.L1
 292:Core/Src/system_stm32h7xx.c ****   {
 293:Core/Src/system_stm32h7xx.c ****     /* Enable the FMC interface clock */
 294:Core/Src/system_stm32h7xx.c ****     SET_BIT(RCC->AHB3ENR, RCC_AHB3ENR_FMCEN);
 156              		.loc 1 294 5 is_stmt 1 view .LVU56
 157 00a2 0B4B     		ldr	r3, .L6+8
 158 00a4 D3F8D420 		ldr	r2, [r3, #212]
 159 00a8 42F48052 		orr	r2, r2, #4096
 160 00ac C3F8D420 		str	r2, [r3, #212]
 295:Core/Src/system_stm32h7xx.c **** 
 296:Core/Src/system_stm32h7xx.c ****     /*
 297:Core/Src/system_stm32h7xx.c ****      * Disable the FMC bank1 (enabled after reset).
ARM GAS  /tmp/ccjGczVy.s 			page 9


 298:Core/Src/system_stm32h7xx.c ****      * This, prevents CPU speculation access on this bank which blocks the use of FMC during
 299:Core/Src/system_stm32h7xx.c ****      * 24us. During this time the others FMC master (such as LTDC) cannot use it!
 300:Core/Src/system_stm32h7xx.c ****      */
 301:Core/Src/system_stm32h7xx.c ****     FMC_Bank1_R->BTCR[0] = 0x000030D2;
 161              		.loc 1 301 5 view .LVU57
 162              		.loc 1 301 26 is_stmt 0 view .LVU58
 163 00b0 0E4A     		ldr	r2, .L6+36
 164 00b2 43F2D201 		movw	r1, #12498
 165 00b6 1160     		str	r1, [r2]
 302:Core/Src/system_stm32h7xx.c **** 
 303:Core/Src/system_stm32h7xx.c ****     /* Disable the FMC interface clock */
 304:Core/Src/system_stm32h7xx.c ****     CLEAR_BIT(RCC->AHB3ENR, RCC_AHB3ENR_FMCEN);
 166              		.loc 1 304 5 is_stmt 1 view .LVU59
 167 00b8 D3F8D420 		ldr	r2, [r3, #212]
 168 00bc 22F48052 		bic	r2, r2, #4096
 169 00c0 C3F8D420 		str	r2, [r3, #212]
 170              	.L1:
 305:Core/Src/system_stm32h7xx.c ****   }
 306:Core/Src/system_stm32h7xx.c **** 
 307:Core/Src/system_stm32h7xx.c ****   /* Configure the Vector Table location -------------------------------------*/
 308:Core/Src/system_stm32h7xx.c **** #if defined(USER_VECT_TAB_ADDRESS)
 309:Core/Src/system_stm32h7xx.c ****   SCB->VTOR = VECT_TAB_BASE_ADDRESS | VECT_TAB_OFFSET; /* Vector Table Relocation in Internal D1 AX
 310:Core/Src/system_stm32h7xx.c **** #endif /* USER_VECT_TAB_ADDRESS */
 311:Core/Src/system_stm32h7xx.c **** 
 312:Core/Src/system_stm32h7xx.c **** #endif /*DUAL_CORE && CORE_CM4*/
 313:Core/Src/system_stm32h7xx.c **** }
 171              		.loc 1 313 1 is_stmt 0 view .LVU60
 172 00c4 7047     		bx	lr
 173              	.L7:
 174 00c6 00BF     		.align	2
 175              	.L6:
 176 00c8 00ED00E0 		.word	-536810240
 177 00cc 00200052 		.word	1375739904
 178 00d0 00440258 		.word	1476543488
 179 00d4 7FEDF6EA 		.word	-352916097
 180 00d8 00020202 		.word	33686016
 181 00dc 0000FF01 		.word	33488896
 182 00e0 80020101 		.word	16843392
 183 00e4 0010005C 		.word	1543507968
 184 00e8 00800051 		.word	1358987264
 185 00ec 00400052 		.word	1375748096
 186              		.cfi_endproc
 187              	.LFE337:
 189              		.section	.text.SystemCoreClockUpdate,"ax",%progbits
 190              		.align	1
 191              		.global	SystemCoreClockUpdate
 192              		.syntax unified
 193              		.thumb
 194              		.thumb_func
 196              	SystemCoreClockUpdate:
 197              	.LFB338:
 314:Core/Src/system_stm32h7xx.c **** 
 315:Core/Src/system_stm32h7xx.c **** /**
 316:Core/Src/system_stm32h7xx.c ****   * @brief  Update SystemCoreClock variable according to Clock Register Values.
 317:Core/Src/system_stm32h7xx.c ****   *         The SystemCoreClock variable contains the core clock , it can
 318:Core/Src/system_stm32h7xx.c ****   *         be used by the user application to setup the SysTick timer or configure
 319:Core/Src/system_stm32h7xx.c ****   *         other parameters.
ARM GAS  /tmp/ccjGczVy.s 			page 10


 320:Core/Src/system_stm32h7xx.c ****   *
 321:Core/Src/system_stm32h7xx.c ****   * @note   Each time the core clock changes, this function must be called
 322:Core/Src/system_stm32h7xx.c ****   *         to update SystemCoreClock variable value. Otherwise, any configuration
 323:Core/Src/system_stm32h7xx.c ****   *         based on this variable will be incorrect.
 324:Core/Src/system_stm32h7xx.c ****   *
 325:Core/Src/system_stm32h7xx.c ****   * @note   - The system frequency computed by this function is not the real
 326:Core/Src/system_stm32h7xx.c ****   *           frequency in the chip. It is calculated based on the predefined
 327:Core/Src/system_stm32h7xx.c ****   *           constant and the selected clock source:
 328:Core/Src/system_stm32h7xx.c ****   *
 329:Core/Src/system_stm32h7xx.c ****   *           - If SYSCLK source is CSI, SystemCoreClock will contain the CSI_VALUE(*)
 330:Core/Src/system_stm32h7xx.c ****   *           - If SYSCLK source is HSI, SystemCoreClock will contain the HSI_VALUE(**)
 331:Core/Src/system_stm32h7xx.c ****   *           - If SYSCLK source is HSE, SystemCoreClock will contain the HSE_VALUE(***)
 332:Core/Src/system_stm32h7xx.c ****   *           - If SYSCLK source is PLL, SystemCoreClock will contain the CSI_VALUE(*),
 333:Core/Src/system_stm32h7xx.c ****   *             HSI_VALUE(**) or HSE_VALUE(***) multiplied/divided by the PLL factors.
 334:Core/Src/system_stm32h7xx.c ****   *
 335:Core/Src/system_stm32h7xx.c ****   *         (*) CSI_VALUE is a constant defined in stm32h7xx_hal.h file (default value
 336:Core/Src/system_stm32h7xx.c ****   *             4 MHz) but the real value may vary depending on the variations
 337:Core/Src/system_stm32h7xx.c ****   *             in voltage and temperature.
 338:Core/Src/system_stm32h7xx.c ****   *         (**) HSI_VALUE is a constant defined in stm32h7xx_hal.h file (default value
 339:Core/Src/system_stm32h7xx.c ****   *             64 MHz) but the real value may vary depending on the variations
 340:Core/Src/system_stm32h7xx.c ****   *             in voltage and temperature.
 341:Core/Src/system_stm32h7xx.c ****   *
 342:Core/Src/system_stm32h7xx.c ****   *         (***)HSE_VALUE is a constant defined in stm32h7xx_hal.h file (default value
 343:Core/Src/system_stm32h7xx.c ****   *              25 MHz), user has to ensure that HSE_VALUE is same as the real
 344:Core/Src/system_stm32h7xx.c ****   *              frequency of the crystal used. Otherwise, this function may
 345:Core/Src/system_stm32h7xx.c ****   *              have wrong result.
 346:Core/Src/system_stm32h7xx.c ****   *
 347:Core/Src/system_stm32h7xx.c ****   *         - The result of this function could be not correct when using fractional
 348:Core/Src/system_stm32h7xx.c ****   *           value for HSE crystal.
 349:Core/Src/system_stm32h7xx.c ****   * @param  None
 350:Core/Src/system_stm32h7xx.c ****   * @retval None
 351:Core/Src/system_stm32h7xx.c ****   */
 352:Core/Src/system_stm32h7xx.c **** void SystemCoreClockUpdate (void)
 353:Core/Src/system_stm32h7xx.c **** {
 198              		.loc 1 353 1 is_stmt 1 view -0
 199              		.cfi_startproc
 200              		@ args = 0, pretend = 0, frame = 0
 201              		@ frame_needed = 0, uses_anonymous_args = 0
 202              		@ link register save eliminated.
 203 0000 10B4     		push	{r4}
 204              	.LCFI0:
 205              		.cfi_def_cfa_offset 4
 206              		.cfi_offset 4, -4
 354:Core/Src/system_stm32h7xx.c ****   uint32_t pllp, pllsource, pllm, pllfracen, hsivalue, tmp;
 207              		.loc 1 354 3 view .LVU62
 355:Core/Src/system_stm32h7xx.c ****   uint32_t common_system_clock;
 208              		.loc 1 355 3 view .LVU63
 356:Core/Src/system_stm32h7xx.c ****   float_t fracn1, pllvco;
 209              		.loc 1 356 3 view .LVU64
 357:Core/Src/system_stm32h7xx.c **** 
 358:Core/Src/system_stm32h7xx.c **** 
 359:Core/Src/system_stm32h7xx.c ****   /* Get SYSCLK source -------------------------------------------------------*/
 360:Core/Src/system_stm32h7xx.c **** 
 361:Core/Src/system_stm32h7xx.c ****   switch (RCC->CFGR & RCC_CFGR_SWS)
 210              		.loc 1 361 3 view .LVU65
 211              		.loc 1 361 14 is_stmt 0 view .LVU66
 212 0002 7B4B     		ldr	r3, .L21
ARM GAS  /tmp/ccjGczVy.s 			page 11


 213 0004 1B69     		ldr	r3, [r3, #16]
 214              		.loc 1 361 21 view .LVU67
 215 0006 03F03803 		and	r3, r3, #56
 216              		.loc 1 361 3 view .LVU68
 217 000a 182B     		cmp	r3, #24
 218 000c 00F2D280 		bhi	.L9
 219 0010 DFE813F0 		tbh	[pc, r3, lsl #1]
 220              	.L11:
 221 0014 1B00     		.2byte	(.L14-.L11)/2
 222 0016 D000     		.2byte	(.L9-.L11)/2
 223 0018 D000     		.2byte	(.L9-.L11)/2
 224 001a D000     		.2byte	(.L9-.L11)/2
 225 001c D000     		.2byte	(.L9-.L11)/2
 226 001e D000     		.2byte	(.L9-.L11)/2
 227 0020 D000     		.2byte	(.L9-.L11)/2
 228 0022 D000     		.2byte	(.L9-.L11)/2
 229 0024 1900     		.2byte	(.L13-.L11)/2
 230 0026 D000     		.2byte	(.L9-.L11)/2
 231 0028 D000     		.2byte	(.L9-.L11)/2
 232 002a D000     		.2byte	(.L9-.L11)/2
 233 002c D000     		.2byte	(.L9-.L11)/2
 234 002e D000     		.2byte	(.L9-.L11)/2
 235 0030 D000     		.2byte	(.L9-.L11)/2
 236 0032 D000     		.2byte	(.L9-.L11)/2
 237 0034 EC00     		.2byte	(.L19-.L11)/2
 238 0036 D000     		.2byte	(.L9-.L11)/2
 239 0038 D000     		.2byte	(.L9-.L11)/2
 240 003a D000     		.2byte	(.L9-.L11)/2
 241 003c D000     		.2byte	(.L9-.L11)/2
 242 003e D000     		.2byte	(.L9-.L11)/2
 243 0040 D000     		.2byte	(.L9-.L11)/2
 244 0042 D000     		.2byte	(.L9-.L11)/2
 245 0044 2200     		.2byte	(.L10-.L11)/2
 246              		.p2align 1
 247              	.L13:
 248 0046 6B4A     		ldr	r2, .L21+4
 249 0048 BAE0     		b	.L12
 250              	.L14:
 362:Core/Src/system_stm32h7xx.c ****   {
 363:Core/Src/system_stm32h7xx.c ****   case RCC_CFGR_SWS_HSI:  /* HSI used as system clock source */
 364:Core/Src/system_stm32h7xx.c ****     common_system_clock = (uint32_t) (HSI_VALUE >> ((RCC->CR & RCC_CR_HSIDIV)>> 3));
 251              		.loc 1 364 5 is_stmt 1 view .LVU69
 252              		.loc 1 364 57 is_stmt 0 view .LVU70
 253 004a 694B     		ldr	r3, .L21
 254 004c 1B68     		ldr	r3, [r3]
 255              		.loc 1 364 78 view .LVU71
 256 004e C3F3C103 		ubfx	r3, r3, #3, #2
 257              		.loc 1 364 25 view .LVU72
 258 0052 694A     		ldr	r2, .L21+8
 259 0054 DA40     		lsrs	r2, r2, r3
 260              	.LVL0:
 365:Core/Src/system_stm32h7xx.c ****     break;
 261              		.loc 1 365 5 is_stmt 1 view .LVU73
 262 0056 B3E0     		b	.L12
 263              	.LVL1:
 264              	.L10:
 366:Core/Src/system_stm32h7xx.c **** 
ARM GAS  /tmp/ccjGczVy.s 			page 12


 367:Core/Src/system_stm32h7xx.c ****   case RCC_CFGR_SWS_CSI:  /* CSI used as system clock  source */
 368:Core/Src/system_stm32h7xx.c ****     common_system_clock = CSI_VALUE;
 369:Core/Src/system_stm32h7xx.c ****     break;
 370:Core/Src/system_stm32h7xx.c **** 
 371:Core/Src/system_stm32h7xx.c ****   case RCC_CFGR_SWS_HSE:  /* HSE used as system clock  source */
 372:Core/Src/system_stm32h7xx.c ****     common_system_clock = HSE_VALUE;
 373:Core/Src/system_stm32h7xx.c ****     break;
 374:Core/Src/system_stm32h7xx.c **** 
 375:Core/Src/system_stm32h7xx.c ****   case RCC_CFGR_SWS_PLL1:  /* PLL1 used as system clock  source */
 376:Core/Src/system_stm32h7xx.c **** 
 377:Core/Src/system_stm32h7xx.c ****     /* PLL_VCO = (HSE_VALUE or HSI_VALUE or CSI_VALUE/ PLLM) * PLLN
 378:Core/Src/system_stm32h7xx.c ****     SYSCLK = PLL_VCO / PLLR
 379:Core/Src/system_stm32h7xx.c ****     */
 380:Core/Src/system_stm32h7xx.c ****     pllsource = (RCC->PLLCKSELR & RCC_PLLCKSELR_PLLSRC);
 265              		.loc 1 380 5 view .LVU74
 266              		.loc 1 380 21 is_stmt 0 view .LVU75
 267 0058 654B     		ldr	r3, .L21
 268 005a 996A     		ldr	r1, [r3, #40]
 269              		.loc 1 380 15 view .LVU76
 270 005c 01F00301 		and	r1, r1, #3
 271              	.LVL2:
 381:Core/Src/system_stm32h7xx.c ****     pllm = ((RCC->PLLCKSELR & RCC_PLLCKSELR_DIVM1)>> 4)  ;
 272              		.loc 1 381 5 is_stmt 1 view .LVU77
 273              		.loc 1 381 17 is_stmt 0 view .LVU78
 274 0060 9C6A     		ldr	r4, [r3, #40]
 275              		.loc 1 381 10 view .LVU79
 276 0062 C4F30512 		ubfx	r2, r4, #4, #6
 277              	.LVL3:
 382:Core/Src/system_stm32h7xx.c ****     pllfracen = ((RCC->PLLCFGR & RCC_PLLCFGR_PLL1FRACEN)>>RCC_PLLCFGR_PLL1FRACEN_Pos);
 278              		.loc 1 382 5 is_stmt 1 view .LVU80
 279              		.loc 1 382 22 is_stmt 0 view .LVU81
 280 0066 D86A     		ldr	r0, [r3, #44]
 281              		.loc 1 382 15 view .LVU82
 282 0068 00F00100 		and	r0, r0, #1
 283              	.LVL4:
 383:Core/Src/system_stm32h7xx.c ****     fracn1 = (float_t)(uint32_t)(pllfracen* ((RCC->PLL1FRACR & RCC_PLL1FRACR_FRACN1)>> 3));
 284              		.loc 1 383 5 is_stmt 1 view .LVU83
 285              		.loc 1 383 50 is_stmt 0 view .LVU84
 286 006c 5B6B     		ldr	r3, [r3, #52]
 287              		.loc 1 383 85 view .LVU85
 288 006e C3F3CC03 		ubfx	r3, r3, #3, #13
 289              		.loc 1 383 23 view .LVU86
 290 0072 00FB03F3 		mul	r3, r0, r3
 291              		.loc 1 383 12 view .LVU87
 292 0076 07EE903A 		vmov	s15, r3	@ int
 293 007a F8EE677A 		vcvt.f32.u32	s15, s15
 294              	.LVL5:
 384:Core/Src/system_stm32h7xx.c **** 
 385:Core/Src/system_stm32h7xx.c ****     if (pllm != 0U)
 295              		.loc 1 385 5 is_stmt 1 view .LVU88
 296              		.loc 1 385 8 is_stmt 0 view .LVU89
 297 007e 14F47C7F 		tst	r4, #1008
 298 0082 00F09D80 		beq	.L12
 386:Core/Src/system_stm32h7xx.c ****     {
 387:Core/Src/system_stm32h7xx.c ****       switch (pllsource)
 299              		.loc 1 387 7 is_stmt 1 view .LVU90
 300 0086 0129     		cmp	r1, #1
ARM GAS  /tmp/ccjGczVy.s 			page 13


 301 0088 36D0     		beq	.L15
 302 008a 0229     		cmp	r1, #2
 303 008c 51D0     		beq	.L16
 304 008e 0029     		cmp	r1, #0
 305 0090 6CD1     		bne	.L17
 388:Core/Src/system_stm32h7xx.c ****       {
 389:Core/Src/system_stm32h7xx.c ****         case RCC_PLLCKSELR_PLLSRC_HSI:  /* HSI used as PLL clock source */
 390:Core/Src/system_stm32h7xx.c **** 
 391:Core/Src/system_stm32h7xx.c ****         hsivalue = (HSI_VALUE >> ((RCC->CR & RCC_CR_HSIDIV)>> 3)) ;
 306              		.loc 1 391 9 view .LVU91
 307              		.loc 1 391 39 is_stmt 0 view .LVU92
 308 0092 5748     		ldr	r0, .L21
 309              	.LVL6:
 310              		.loc 1 391 39 view .LVU93
 311 0094 0168     		ldr	r1, [r0]
 312              	.LVL7:
 313              		.loc 1 391 60 view .LVU94
 314 0096 C1F3C101 		ubfx	r1, r1, #3, #2
 315              		.loc 1 391 18 view .LVU95
 316 009a 574B     		ldr	r3, .L21+8
 317 009c CB40     		lsrs	r3, r3, r1
 318              	.LVL8:
 392:Core/Src/system_stm32h7xx.c ****         pllvco = ( (float_t)hsivalue / (float_t)pllm) * ((float_t)(uint32_t)(RCC->PLL1DIVR & RCC_PL
 319              		.loc 1 392 9 is_stmt 1 view .LVU96
 320              		.loc 1 392 20 is_stmt 0 view .LVU97
 321 009e 07EE103A 		vmov	s14, r3	@ int
 322 00a2 F8EE476A 		vcvt.f32.u32	s13, s14
 323              		.loc 1 392 40 view .LVU98
 324 00a6 07EE102A 		vmov	s14, r2	@ int
 325 00aa B8EE476A 		vcvt.f32.u32	s12, s14
 326              		.loc 1 392 38 view .LVU99
 327 00ae 86EE867A 		vdiv.f32	s14, s13, s12
 328              		.loc 1 392 81 view .LVU100
 329 00b2 036B     		ldr	r3, [r0, #48]
 330              	.LVL9:
 331              		.loc 1 392 67 view .LVU101
 332 00b4 C3F30803 		ubfx	r3, r3, #0, #9
 333              		.loc 1 392 58 view .LVU102
 334 00b8 06EE903A 		vmov	s13, r3	@ int
 335 00bc F8EE666A 		vcvt.f32.u32	s13, s13
 336              		.loc 1 392 120 view .LVU103
 337 00c0 9FED4E6A 		vldr.32	s12, .L21+12
 338 00c4 67EE867A 		vmul.f32	s15, s15, s12
 339              	.LVL10:
 340              		.loc 1 392 111 view .LVU104
 341 00c8 76EEA77A 		vadd.f32	s15, s13, s15
 342              		.loc 1 392 138 view .LVU105
 343 00cc F7EE006A 		vmov.f32	s13, #1.0e+0
 344 00d0 77EEA67A 		vadd.f32	s15, s15, s13
 345              		.loc 1 392 16 view .LVU106
 346 00d4 27EE277A 		vmul.f32	s14, s14, s15
 347              	.LVL11:
 393:Core/Src/system_stm32h7xx.c **** 
 394:Core/Src/system_stm32h7xx.c ****         break;
 348              		.loc 1 394 9 is_stmt 1 view .LVU107
 349              	.L18:
 395:Core/Src/system_stm32h7xx.c **** 
ARM GAS  /tmp/ccjGczVy.s 			page 14


 396:Core/Src/system_stm32h7xx.c ****         case RCC_PLLCKSELR_PLLSRC_CSI:  /* CSI used as PLL clock source */
 397:Core/Src/system_stm32h7xx.c ****           pllvco = ((float_t)CSI_VALUE / (float_t)pllm) * ((float_t)(uint32_t)(RCC->PLL1DIVR & RCC_
 398:Core/Src/system_stm32h7xx.c ****         break;
 399:Core/Src/system_stm32h7xx.c **** 
 400:Core/Src/system_stm32h7xx.c ****         case RCC_PLLCKSELR_PLLSRC_HSE:  /* HSE used as PLL clock source */
 401:Core/Src/system_stm32h7xx.c ****           pllvco = ((float_t)HSE_VALUE / (float_t)pllm) * ((float_t)(uint32_t)(RCC->PLL1DIVR & RCC_
 402:Core/Src/system_stm32h7xx.c ****         break;
 403:Core/Src/system_stm32h7xx.c **** 
 404:Core/Src/system_stm32h7xx.c ****       default:
 405:Core/Src/system_stm32h7xx.c ****           hsivalue = (HSI_VALUE >> ((RCC->CR & RCC_CR_HSIDIV)>> 3)) ;
 406:Core/Src/system_stm32h7xx.c ****           pllvco = ((float_t)hsivalue / (float_t)pllm) * ((float_t)(uint32_t)(RCC->PLL1DIVR & RCC_P
 407:Core/Src/system_stm32h7xx.c ****         break;
 408:Core/Src/system_stm32h7xx.c ****       }
 409:Core/Src/system_stm32h7xx.c ****       pllp = (((RCC->PLL1DIVR & RCC_PLL1DIVR_P1) >>9) + 1U ) ;
 350              		.loc 1 409 7 view .LVU108
 351              		.loc 1 409 20 is_stmt 0 view .LVU109
 352 00d8 454B     		ldr	r3, .L21
 353 00da 1B6B     		ldr	r3, [r3, #48]
 354              		.loc 1 409 50 view .LVU110
 355 00dc C3F34623 		ubfx	r3, r3, #9, #7
 356              		.loc 1 409 12 view .LVU111
 357 00e0 0133     		adds	r3, r3, #1
 358              	.LVL12:
 410:Core/Src/system_stm32h7xx.c ****       common_system_clock =  (uint32_t)(float_t)(pllvco/(float_t)pllp);
 359              		.loc 1 410 7 is_stmt 1 view .LVU112
 360              		.loc 1 410 57 is_stmt 0 view .LVU113
 361 00e2 07EE903A 		vmov	s15, r3	@ int
 362 00e6 F8EE677A 		vcvt.f32.u32	s15, s15
 363              		.loc 1 410 40 view .LVU114
 364 00ea C7EE276A 		vdiv.f32	s13, s14, s15
 365              		.loc 1 410 27 view .LVU115
 366 00ee FCEEE67A 		vcvt.u32.f32	s15, s13
 367 00f2 17EE902A 		vmov	r2, s15	@ int
 368              	.LVL13:
 369              		.loc 1 410 27 view .LVU116
 370 00f6 63E0     		b	.L12
 371              	.LVL14:
 372              	.L15:
 397:Core/Src/system_stm32h7xx.c ****         break;
 373              		.loc 1 397 11 is_stmt 1 view .LVU117
 397:Core/Src/system_stm32h7xx.c ****         break;
 374              		.loc 1 397 42 is_stmt 0 view .LVU118
 375 00f8 07EE102A 		vmov	s14, r2	@ int
 376 00fc F8EE476A 		vcvt.f32.u32	s13, s14
 397:Core/Src/system_stm32h7xx.c ****         break;
 377              		.loc 1 397 40 view .LVU119
 378 0100 9FED3F6A 		vldr.32	s12, .L21+16
 379 0104 86EE267A 		vdiv.f32	s14, s12, s13
 397:Core/Src/system_stm32h7xx.c ****         break;
 380              		.loc 1 397 83 view .LVU120
 381 0108 394B     		ldr	r3, .L21
 382 010a 1B6B     		ldr	r3, [r3, #48]
 397:Core/Src/system_stm32h7xx.c ****         break;
 383              		.loc 1 397 69 view .LVU121
 384 010c C3F30803 		ubfx	r3, r3, #0, #9
 397:Core/Src/system_stm32h7xx.c ****         break;
 385              		.loc 1 397 60 view .LVU122
ARM GAS  /tmp/ccjGczVy.s 			page 15


 386 0110 06EE903A 		vmov	s13, r3	@ int
 387 0114 F8EE666A 		vcvt.f32.u32	s13, s13
 397:Core/Src/system_stm32h7xx.c ****         break;
 388              		.loc 1 397 122 view .LVU123
 389 0118 9FED386A 		vldr.32	s12, .L21+12
 390 011c 67EE867A 		vmul.f32	s15, s15, s12
 391              	.LVL15:
 397:Core/Src/system_stm32h7xx.c ****         break;
 392              		.loc 1 397 113 view .LVU124
 393 0120 76EEA77A 		vadd.f32	s15, s13, s15
 397:Core/Src/system_stm32h7xx.c ****         break;
 394              		.loc 1 397 140 view .LVU125
 395 0124 F7EE006A 		vmov.f32	s13, #1.0e+0
 396 0128 77EEA67A 		vadd.f32	s15, s15, s13
 397:Core/Src/system_stm32h7xx.c ****         break;
 397              		.loc 1 397 18 view .LVU126
 398 012c 27EE277A 		vmul.f32	s14, s14, s15
 399              	.LVL16:
 398:Core/Src/system_stm32h7xx.c **** 
 400              		.loc 1 398 9 is_stmt 1 view .LVU127
 401 0130 D2E7     		b	.L18
 402              	.LVL17:
 403              	.L16:
 401:Core/Src/system_stm32h7xx.c ****         break;
 404              		.loc 1 401 11 view .LVU128
 401:Core/Src/system_stm32h7xx.c ****         break;
 405              		.loc 1 401 42 is_stmt 0 view .LVU129
 406 0132 07EE102A 		vmov	s14, r2	@ int
 407 0136 F8EE476A 		vcvt.f32.u32	s13, s14
 401:Core/Src/system_stm32h7xx.c ****         break;
 408              		.loc 1 401 40 view .LVU130
 409 013a 9FED326A 		vldr.32	s12, .L21+20
 410 013e 86EE267A 		vdiv.f32	s14, s12, s13
 401:Core/Src/system_stm32h7xx.c ****         break;
 411              		.loc 1 401 83 view .LVU131
 412 0142 2B4B     		ldr	r3, .L21
 413 0144 1B6B     		ldr	r3, [r3, #48]
 401:Core/Src/system_stm32h7xx.c ****         break;
 414              		.loc 1 401 69 view .LVU132
 415 0146 C3F30803 		ubfx	r3, r3, #0, #9
 401:Core/Src/system_stm32h7xx.c ****         break;
 416              		.loc 1 401 60 view .LVU133
 417 014a 06EE903A 		vmov	s13, r3	@ int
 418 014e F8EE666A 		vcvt.f32.u32	s13, s13
 401:Core/Src/system_stm32h7xx.c ****         break;
 419              		.loc 1 401 122 view .LVU134
 420 0152 9FED2A6A 		vldr.32	s12, .L21+12
 421 0156 67EE867A 		vmul.f32	s15, s15, s12
 422              	.LVL18:
 401:Core/Src/system_stm32h7xx.c ****         break;
 423              		.loc 1 401 113 view .LVU135
 424 015a 76EEA77A 		vadd.f32	s15, s13, s15
 401:Core/Src/system_stm32h7xx.c ****         break;
 425              		.loc 1 401 140 view .LVU136
 426 015e F7EE006A 		vmov.f32	s13, #1.0e+0
 427 0162 77EEA67A 		vadd.f32	s15, s15, s13
 401:Core/Src/system_stm32h7xx.c ****         break;
ARM GAS  /tmp/ccjGczVy.s 			page 16


 428              		.loc 1 401 18 view .LVU137
 429 0166 27EE277A 		vmul.f32	s14, s14, s15
 430              	.LVL19:
 402:Core/Src/system_stm32h7xx.c **** 
 431              		.loc 1 402 9 is_stmt 1 view .LVU138
 432 016a B5E7     		b	.L18
 433              	.LVL20:
 434              	.L17:
 405:Core/Src/system_stm32h7xx.c ****           pllvco = ((float_t)hsivalue / (float_t)pllm) * ((float_t)(uint32_t)(RCC->PLL1DIVR & RCC_P
 435              		.loc 1 405 11 view .LVU139
 405:Core/Src/system_stm32h7xx.c ****           pllvco = ((float_t)hsivalue / (float_t)pllm) * ((float_t)(uint32_t)(RCC->PLL1DIVR & RCC_P
 436              		.loc 1 405 41 is_stmt 0 view .LVU140
 437 016c 2048     		ldr	r0, .L21
 438              	.LVL21:
 405:Core/Src/system_stm32h7xx.c ****           pllvco = ((float_t)hsivalue / (float_t)pllm) * ((float_t)(uint32_t)(RCC->PLL1DIVR & RCC_P
 439              		.loc 1 405 41 view .LVU141
 440 016e 0168     		ldr	r1, [r0]
 441              	.LVL22:
 405:Core/Src/system_stm32h7xx.c ****           pllvco = ((float_t)hsivalue / (float_t)pllm) * ((float_t)(uint32_t)(RCC->PLL1DIVR & RCC_P
 442              		.loc 1 405 62 view .LVU142
 443 0170 C1F3C101 		ubfx	r1, r1, #3, #2
 405:Core/Src/system_stm32h7xx.c ****           pllvco = ((float_t)hsivalue / (float_t)pllm) * ((float_t)(uint32_t)(RCC->PLL1DIVR & RCC_P
 444              		.loc 1 405 20 view .LVU143
 445 0174 204B     		ldr	r3, .L21+8
 446 0176 CB40     		lsrs	r3, r3, r1
 447              	.LVL23:
 406:Core/Src/system_stm32h7xx.c ****         break;
 448              		.loc 1 406 11 is_stmt 1 view .LVU144
 406:Core/Src/system_stm32h7xx.c ****         break;
 449              		.loc 1 406 21 is_stmt 0 view .LVU145
 450 0178 07EE103A 		vmov	s14, r3	@ int
 451 017c F8EE476A 		vcvt.f32.u32	s13, s14
 406:Core/Src/system_stm32h7xx.c ****         break;
 452              		.loc 1 406 41 view .LVU146
 453 0180 07EE102A 		vmov	s14, r2	@ int
 454 0184 B8EE476A 		vcvt.f32.u32	s12, s14
 406:Core/Src/system_stm32h7xx.c ****         break;
 455              		.loc 1 406 39 view .LVU147
 456 0188 86EE867A 		vdiv.f32	s14, s13, s12
 406:Core/Src/system_stm32h7xx.c ****         break;
 457              		.loc 1 406 82 view .LVU148
 458 018c 036B     		ldr	r3, [r0, #48]
 459              	.LVL24:
 406:Core/Src/system_stm32h7xx.c ****         break;
 460              		.loc 1 406 68 view .LVU149
 461 018e C3F30803 		ubfx	r3, r3, #0, #9
 406:Core/Src/system_stm32h7xx.c ****         break;
 462              		.loc 1 406 59 view .LVU150
 463 0192 06EE903A 		vmov	s13, r3	@ int
 464 0196 F8EE666A 		vcvt.f32.u32	s13, s13
 406:Core/Src/system_stm32h7xx.c ****         break;
 465              		.loc 1 406 121 view .LVU151
 466 019a 9FED186A 		vldr.32	s12, .L21+12
 467 019e 67EE867A 		vmul.f32	s15, s15, s12
 468              	.LVL25:
 406:Core/Src/system_stm32h7xx.c ****         break;
 469              		.loc 1 406 112 view .LVU152
ARM GAS  /tmp/ccjGczVy.s 			page 17


 470 01a2 76EEA77A 		vadd.f32	s15, s13, s15
 406:Core/Src/system_stm32h7xx.c ****         break;
 471              		.loc 1 406 139 view .LVU153
 472 01a6 F7EE006A 		vmov.f32	s13, #1.0e+0
 473 01aa 77EEA67A 		vadd.f32	s15, s15, s13
 406:Core/Src/system_stm32h7xx.c ****         break;
 474              		.loc 1 406 18 view .LVU154
 475 01ae 27EE277A 		vmul.f32	s14, s14, s15
 476              	.LVL26:
 407:Core/Src/system_stm32h7xx.c ****       }
 477              		.loc 1 407 9 is_stmt 1 view .LVU155
 478 01b2 91E7     		b	.L18
 479              	.LVL27:
 480              	.L9:
 411:Core/Src/system_stm32h7xx.c ****     }
 412:Core/Src/system_stm32h7xx.c ****     else
 413:Core/Src/system_stm32h7xx.c ****     {
 414:Core/Src/system_stm32h7xx.c ****       common_system_clock = 0U;
 415:Core/Src/system_stm32h7xx.c ****     }
 416:Core/Src/system_stm32h7xx.c ****     break;
 417:Core/Src/system_stm32h7xx.c **** 
 418:Core/Src/system_stm32h7xx.c ****   default:
 419:Core/Src/system_stm32h7xx.c ****     common_system_clock = (uint32_t) (HSI_VALUE >> ((RCC->CR & RCC_CR_HSIDIV)>> 3));
 481              		.loc 1 419 5 view .LVU156
 482              		.loc 1 419 57 is_stmt 0 view .LVU157
 483 01b4 0E4B     		ldr	r3, .L21
 484 01b6 1B68     		ldr	r3, [r3]
 485              		.loc 1 419 78 view .LVU158
 486 01b8 C3F3C103 		ubfx	r3, r3, #3, #2
 487              		.loc 1 419 25 view .LVU159
 488 01bc 0E4A     		ldr	r2, .L21+8
 489 01be DA40     		lsrs	r2, r2, r3
 490              	.LVL28:
 420:Core/Src/system_stm32h7xx.c ****     break;
 491              		.loc 1 420 5 is_stmt 1 view .LVU160
 492              	.L12:
 421:Core/Src/system_stm32h7xx.c ****   }
 422:Core/Src/system_stm32h7xx.c **** 
 423:Core/Src/system_stm32h7xx.c ****   /* Compute SystemClock frequency --------------------------------------------------*/
 424:Core/Src/system_stm32h7xx.c **** #if defined (RCC_D1CFGR_D1CPRE)
 425:Core/Src/system_stm32h7xx.c ****   tmp = D1CorePrescTable[(RCC->D1CFGR & RCC_D1CFGR_D1CPRE)>> RCC_D1CFGR_D1CPRE_Pos];
 493              		.loc 1 425 3 view .LVU161
 494              		.loc 1 425 30 is_stmt 0 view .LVU162
 495 01c0 0B48     		ldr	r0, .L21
 496 01c2 8369     		ldr	r3, [r0, #24]
 497              		.loc 1 425 59 view .LVU163
 498 01c4 C3F30323 		ubfx	r3, r3, #8, #4
 499              		.loc 1 425 25 view .LVU164
 500 01c8 0F49     		ldr	r1, .L21+24
 501 01ca CB5C     		ldrb	r3, [r1, r3]	@ zero_extendqisi2
 502              	.LVL29:
 426:Core/Src/system_stm32h7xx.c **** 
 427:Core/Src/system_stm32h7xx.c ****   /* common_system_clock frequency : CM7 CPU frequency  */
 428:Core/Src/system_stm32h7xx.c ****   common_system_clock >>= tmp;
 503              		.loc 1 428 3 is_stmt 1 view .LVU165
 504              		.loc 1 428 23 is_stmt 0 view .LVU166
 505 01cc DA40     		lsrs	r2, r2, r3
ARM GAS  /tmp/ccjGczVy.s 			page 18


 506              	.LVL30:
 429:Core/Src/system_stm32h7xx.c **** 
 430:Core/Src/system_stm32h7xx.c ****   /* SystemD2Clock frequency : CM4 CPU, AXI and AHBs Clock frequency  */
 431:Core/Src/system_stm32h7xx.c ****   SystemD2Clock = (common_system_clock >> ((D1CorePrescTable[(RCC->D1CFGR & RCC_D1CFGR_HPRE)>> RCC_
 507              		.loc 1 431 3 is_stmt 1 view .LVU167
 508              		.loc 1 431 66 is_stmt 0 view .LVU168
 509 01ce 8369     		ldr	r3, [r0, #24]
 510              	.LVL31:
 511              		.loc 1 431 93 view .LVU169
 512 01d0 03F00F03 		and	r3, r3, #15
 513              		.loc 1 431 61 view .LVU170
 514 01d4 CB5C     		ldrb	r3, [r1, r3]	@ zero_extendqisi2
 515              		.loc 1 431 118 view .LVU171
 516 01d6 03F01F03 		and	r3, r3, #31
 517              		.loc 1 431 40 view .LVU172
 518 01da 22FA03F3 		lsr	r3, r2, r3
 519              		.loc 1 431 17 view .LVU173
 520 01de 0B49     		ldr	r1, .L21+28
 521              		.loc 1 431 17 view .LVU174
 522 01e0 0B60     		str	r3, [r1]
 432:Core/Src/system_stm32h7xx.c **** 
 433:Core/Src/system_stm32h7xx.c **** #else
 434:Core/Src/system_stm32h7xx.c ****   tmp = D1CorePrescTable[(RCC->CDCFGR1 & RCC_CDCFGR1_CDCPRE)>> RCC_CDCFGR1_CDCPRE_Pos];
 435:Core/Src/system_stm32h7xx.c **** 
 436:Core/Src/system_stm32h7xx.c ****   /* common_system_clock frequency : CM7 CPU frequency  */
 437:Core/Src/system_stm32h7xx.c ****   common_system_clock >>= tmp;
 438:Core/Src/system_stm32h7xx.c **** 
 439:Core/Src/system_stm32h7xx.c ****   /* SystemD2Clock frequency : AXI and AHBs Clock frequency  */
 440:Core/Src/system_stm32h7xx.c ****   SystemD2Clock = (common_system_clock >> ((D1CorePrescTable[(RCC->CDCFGR1 & RCC_CDCFGR1_HPRE)>> RC
 441:Core/Src/system_stm32h7xx.c **** 
 442:Core/Src/system_stm32h7xx.c **** #endif
 443:Core/Src/system_stm32h7xx.c **** 
 444:Core/Src/system_stm32h7xx.c **** #if defined(DUAL_CORE) && defined(CORE_CM4)
 445:Core/Src/system_stm32h7xx.c ****   SystemCoreClock = SystemD2Clock;
 446:Core/Src/system_stm32h7xx.c **** #else
 447:Core/Src/system_stm32h7xx.c ****   SystemCoreClock = common_system_clock;
 523              		.loc 1 447 3 is_stmt 1 view .LVU175
 524              		.loc 1 447 19 is_stmt 0 view .LVU176
 525 01e2 0B4B     		ldr	r3, .L21+32
 526 01e4 1A60     		str	r2, [r3]
 448:Core/Src/system_stm32h7xx.c **** #endif /* DUAL_CORE && CORE_CM4 */
 449:Core/Src/system_stm32h7xx.c **** }
 527              		.loc 1 449 1 view .LVU177
 528 01e6 5DF8044B 		ldr	r4, [sp], #4
 529              	.LCFI1:
 530              		.cfi_remember_state
 531              		.cfi_restore 4
 532              		.cfi_def_cfa_offset 0
 533 01ea 7047     		bx	lr
 534              	.LVL32:
 535              	.L19:
 536              	.LCFI2:
 537              		.cfi_restore_state
 372:Core/Src/system_stm32h7xx.c ****     break;
 538              		.loc 1 372 25 view .LVU178
 539 01ec 094A     		ldr	r2, .L21+36
 540 01ee E7E7     		b	.L12
ARM GAS  /tmp/ccjGczVy.s 			page 19


 541              	.L22:
 542              		.align	2
 543              	.L21:
 544 01f0 00440258 		.word	1476543488
 545 01f4 00093D00 		.word	4000000
 546 01f8 0090D003 		.word	64000000
 547 01fc 00000039 		.word	956301312
 548 0200 0024744A 		.word	1249125376
 549 0204 0024F44A 		.word	1257513984
 550 0208 00000000 		.word	D1CorePrescTable
 551 020c 00000000 		.word	SystemD2Clock
 552 0210 00000000 		.word	SystemCoreClock
 553 0214 00127A00 		.word	8000000
 554              		.cfi_endproc
 555              	.LFE338:
 557              		.section	.text.ExitRun0Mode,"ax",%progbits
 558              		.align	1
 559              		.global	ExitRun0Mode
 560              		.syntax unified
 561              		.thumb
 562              		.thumb_func
 564              	ExitRun0Mode:
 565              	.LFB339:
 450:Core/Src/system_stm32h7xx.c **** 
 451:Core/Src/system_stm32h7xx.c **** /**
 452:Core/Src/system_stm32h7xx.c ****   * @brief  Exit Run* mode and Configure the system Power Supply
 453:Core/Src/system_stm32h7xx.c ****   *
 454:Core/Src/system_stm32h7xx.c ****   * @note   This function exits the Run* mode and configures the system power supply
 455:Core/Src/system_stm32h7xx.c ****   *         according to the definition to be used at compilation preprocessing level.
 456:Core/Src/system_stm32h7xx.c ****   *         The application shall set one of the following configuration option:
 457:Core/Src/system_stm32h7xx.c ****   *           - PWR_LDO_SUPPLY
 458:Core/Src/system_stm32h7xx.c ****   *           - PWR_DIRECT_SMPS_SUPPLY
 459:Core/Src/system_stm32h7xx.c ****   *           - PWR_EXTERNAL_SOURCE_SUPPLY
 460:Core/Src/system_stm32h7xx.c ****   *           - PWR_SMPS_1V8_SUPPLIES_LDO
 461:Core/Src/system_stm32h7xx.c ****   *           - PWR_SMPS_2V5_SUPPLIES_LDO
 462:Core/Src/system_stm32h7xx.c ****   *           - PWR_SMPS_1V8_SUPPLIES_EXT_AND_LDO
 463:Core/Src/system_stm32h7xx.c ****   *           - PWR_SMPS_2V5_SUPPLIES_EXT_AND_LDO
 464:Core/Src/system_stm32h7xx.c ****   *           - PWR_SMPS_1V8_SUPPLIES_EXT
 465:Core/Src/system_stm32h7xx.c ****   *           - PWR_SMPS_2V5_SUPPLIES_EXT
 466:Core/Src/system_stm32h7xx.c ****   *
 467:Core/Src/system_stm32h7xx.c ****   * @note   The function modifies the PWR->CR3 register to enable or disable specific
 468:Core/Src/system_stm32h7xx.c ****   *         power supply modes and waits until the voltage level flag is set, indicating
 469:Core/Src/system_stm32h7xx.c ****   *         that the power supply configuration is stable.
 470:Core/Src/system_stm32h7xx.c ****   *
 471:Core/Src/system_stm32h7xx.c ****   * @param  None
 472:Core/Src/system_stm32h7xx.c ****   * @retval None
 473:Core/Src/system_stm32h7xx.c ****   */
 474:Core/Src/system_stm32h7xx.c **** void ExitRun0Mode(void)
 475:Core/Src/system_stm32h7xx.c **** {
 566              		.loc 1 475 1 is_stmt 1 view -0
 567              		.cfi_startproc
 568              		@ args = 0, pretend = 0, frame = 0
 569              		@ frame_needed = 0, uses_anonymous_args = 0
 570              		@ link register save eliminated.
 476:Core/Src/system_stm32h7xx.c **** #if defined(USE_PWR_LDO_SUPPLY)
 477:Core/Src/system_stm32h7xx.c ****   #if defined(SMPS)
 478:Core/Src/system_stm32h7xx.c ****     /* Exit Run* mode by disabling SMPS and enabling LDO */
ARM GAS  /tmp/ccjGczVy.s 			page 20


 479:Core/Src/system_stm32h7xx.c ****     PWR->CR3 = (PWR->CR3 & ~PWR_CR3_SMPSEN) | PWR_CR3_LDOEN;
 480:Core/Src/system_stm32h7xx.c ****   #else
 481:Core/Src/system_stm32h7xx.c ****     /* Enable LDO mode */
 482:Core/Src/system_stm32h7xx.c ****     PWR->CR3 |= PWR_CR3_LDOEN;
 571              		.loc 1 482 5 view .LVU180
 572              		.loc 1 482 8 is_stmt 0 view .LVU181
 573 0000 044B     		ldr	r3, .L27
 574 0002 DA68     		ldr	r2, [r3, #12]
 575              		.loc 1 482 14 view .LVU182
 576 0004 42F00202 		orr	r2, r2, #2
 577 0008 DA60     		str	r2, [r3, #12]
 483:Core/Src/system_stm32h7xx.c ****   #endif /* SMPS */
 484:Core/Src/system_stm32h7xx.c ****   /* Wait till voltage level flag is set */
 485:Core/Src/system_stm32h7xx.c ****   while ((PWR->CSR1 & PWR_CSR1_ACTVOSRDY) == 0U)
 578              		.loc 1 485 3 is_stmt 1 view .LVU183
 579              	.L24:
 486:Core/Src/system_stm32h7xx.c ****   {}
 580              		.loc 1 486 4 view .LVU184
 485:Core/Src/system_stm32h7xx.c ****   {}
 581              		.loc 1 485 43 discriminator 1 view .LVU185
 485:Core/Src/system_stm32h7xx.c ****   {}
 582              		.loc 1 485 14 is_stmt 0 discriminator 1 view .LVU186
 583 000a 5A68     		ldr	r2, [r3, #4]
 485:Core/Src/system_stm32h7xx.c ****   {}
 584              		.loc 1 485 43 discriminator 1 view .LVU187
 585 000c 9204     		lsls	r2, r2, #18
 586 000e FCD5     		bpl	.L24
 487:Core/Src/system_stm32h7xx.c **** #elif defined(USE_PWR_EXTERNAL_SOURCE_SUPPLY)
 488:Core/Src/system_stm32h7xx.c ****   #if defined(SMPS)
 489:Core/Src/system_stm32h7xx.c ****     /* Exit Run* mode */
 490:Core/Src/system_stm32h7xx.c ****     PWR->CR3 = (PWR->CR3 & ~(PWR_CR3_SMPSEN | PWR_CR3_LDOEN)) | PWR_CR3_BYPASS;
 491:Core/Src/system_stm32h7xx.c ****   #else
 492:Core/Src/system_stm32h7xx.c ****     PWR->CR3 = (PWR->CR3 & ~(PWR_CR3_LDOEN)) | PWR_CR3_BYPASS;
 493:Core/Src/system_stm32h7xx.c ****   #endif /* SMPS */
 494:Core/Src/system_stm32h7xx.c ****   /* Wait till voltage level flag is set */
 495:Core/Src/system_stm32h7xx.c ****   while ((PWR->CSR1 & PWR_CSR1_ACTVOSRDY) == 0U)
 496:Core/Src/system_stm32h7xx.c ****   {}
 497:Core/Src/system_stm32h7xx.c **** #elif defined(USE_PWR_DIRECT_SMPS_SUPPLY) && defined(SMPS)
 498:Core/Src/system_stm32h7xx.c ****   /* Exit Run* mode */
 499:Core/Src/system_stm32h7xx.c ****   PWR->CR3 &= ~(PWR_CR3_LDOEN);
 500:Core/Src/system_stm32h7xx.c ****   /* Wait till voltage level flag is set */
 501:Core/Src/system_stm32h7xx.c ****   while ((PWR->CSR1 & PWR_CSR1_ACTVOSRDY) == 0U)
 502:Core/Src/system_stm32h7xx.c ****   {}
 503:Core/Src/system_stm32h7xx.c **** #elif defined(USE_PWR_SMPS_1V8_SUPPLIES_LDO) && defined(SMPS)
 504:Core/Src/system_stm32h7xx.c ****   /* Exit Run* mode */
 505:Core/Src/system_stm32h7xx.c ****   PWR->CR3 |= PWR_CR3_SMPSLEVEL_0 | PWR_CR3_SMPSEN | PWR_CR3_LDOEN;
 506:Core/Src/system_stm32h7xx.c ****   /* Wait till voltage level flag is set */
 507:Core/Src/system_stm32h7xx.c ****   while ((PWR->CSR1 & PWR_CSR1_ACTVOSRDY) == 0U)
 508:Core/Src/system_stm32h7xx.c ****   {}
 509:Core/Src/system_stm32h7xx.c **** #elif defined(USE_PWR_SMPS_2V5_SUPPLIES_LDO) && defined(SMPS)
 510:Core/Src/system_stm32h7xx.c ****   /* Exit Run* mode */
 511:Core/Src/system_stm32h7xx.c ****   PWR->CR3 |= PWR_CR3_SMPSLEVEL_1 | PWR_CR3_SMPSEN | PWR_CR3_LDOEN;
 512:Core/Src/system_stm32h7xx.c ****   /* Wait till voltage level flag is set */
 513:Core/Src/system_stm32h7xx.c ****   while ((PWR->CSR1 & PWR_CSR1_ACTVOSRDY) == 0U)
 514:Core/Src/system_stm32h7xx.c ****   {}
 515:Core/Src/system_stm32h7xx.c **** #elif defined(USE_PWR_SMPS_1V8_SUPPLIES_EXT_AND_LDO) && defined(SMPS)
 516:Core/Src/system_stm32h7xx.c ****   /* Exit Run* mode */
ARM GAS  /tmp/ccjGczVy.s 			page 21


 517:Core/Src/system_stm32h7xx.c ****   PWR->CR3 |= PWR_CR3_SMPSLEVEL_0 | PWR_CR3_SMPSEXTHP | PWR_CR3_SMPSEN | PWR_CR3_LDOEN;
 518:Core/Src/system_stm32h7xx.c ****   /* Wait till voltage level flag is set */
 519:Core/Src/system_stm32h7xx.c ****   while ((PWR->CSR1 & PWR_CSR1_ACTVOSRDY) == 0U)
 520:Core/Src/system_stm32h7xx.c ****   {}
 521:Core/Src/system_stm32h7xx.c **** #elif defined(USE_PWR_SMPS_2V5_SUPPLIES_EXT_AND_LDO) && defined(SMPS)
 522:Core/Src/system_stm32h7xx.c ****   /* Exit Run* mode */
 523:Core/Src/system_stm32h7xx.c ****   PWR->CR3 |= PWR_CR3_SMPSLEVEL_1 | PWR_CR3_SMPSEXTHP | PWR_CR3_SMPSEN | PWR_CR3_LDOEN;
 524:Core/Src/system_stm32h7xx.c ****   /* Wait till voltage level flag is set */
 525:Core/Src/system_stm32h7xx.c ****   while ((PWR->CSR1 & PWR_CSR1_ACTVOSRDY) == 0U)
 526:Core/Src/system_stm32h7xx.c ****   {}
 527:Core/Src/system_stm32h7xx.c **** #elif defined(USE_PWR_SMPS_1V8_SUPPLIES_EXT) && defined(SMPS)
 528:Core/Src/system_stm32h7xx.c ****   /* Exit Run* mode */
 529:Core/Src/system_stm32h7xx.c ****   PWR->CR3 = (PWR->CR3 & ~(PWR_CR3_LDOEN)) | PWR_CR3_SMPSLEVEL_0 | PWR_CR3_SMPSEXTHP | PWR_CR3_SMPS
 530:Core/Src/system_stm32h7xx.c ****   /* Wait till voltage level flag is set */
 531:Core/Src/system_stm32h7xx.c ****   while ((PWR->CSR1 & PWR_CSR1_ACTVOSRDY) == 0U)
 532:Core/Src/system_stm32h7xx.c ****   {}
 533:Core/Src/system_stm32h7xx.c **** #elif defined(USE_PWR_SMPS_2V5_SUPPLIES_EXT) && defined(SMPS)
 534:Core/Src/system_stm32h7xx.c ****   /* Exit Run* mode */
 535:Core/Src/system_stm32h7xx.c ****   PWR->CR3 = (PWR->CR3 & ~(PWR_CR3_LDOEN)) | PWR_CR3_SMPSLEVEL_1 | PWR_CR3_SMPSEXTHP | PWR_CR3_SMPS
 536:Core/Src/system_stm32h7xx.c ****   /* Wait till voltage level flag is set */
 537:Core/Src/system_stm32h7xx.c ****   while ((PWR->CSR1 & PWR_CSR1_ACTVOSRDY) == 0U)
 538:Core/Src/system_stm32h7xx.c ****   {}
 539:Core/Src/system_stm32h7xx.c **** #else
 540:Core/Src/system_stm32h7xx.c ****   /* No system power supply configuration is selected at exit Run* mode */
 541:Core/Src/system_stm32h7xx.c **** #endif /* USE_PWR_LDO_SUPPLY */
 542:Core/Src/system_stm32h7xx.c **** }
 587              		.loc 1 542 1 view .LVU188
 588 0010 7047     		bx	lr
 589              	.L28:
 590 0012 00BF     		.align	2
 591              	.L27:
 592 0014 00480258 		.word	1476544512
 593              		.cfi_endproc
 594              	.LFE339:
 596              		.global	D1CorePrescTable
 597              		.section	.rodata.D1CorePrescTable,"a"
 598              		.align	2
 601              	D1CorePrescTable:
 602 0000 00000000 		.ascii	"\000\000\000\000\001\002\003\004\001\002\003\004\006"
 602      01020304 
 602      01020304 
 602      06
 603 000d 070809   		.ascii	"\007\010\011"
 604              		.global	SystemD2Clock
 605              		.section	.data.SystemD2Clock,"aw"
 606              		.align	2
 609              	SystemD2Clock:
 610 0000 0090D003 		.word	64000000
 611              		.global	SystemCoreClock
 612              		.section	.data.SystemCoreClock,"aw"
 613              		.align	2
 616              	SystemCoreClock:
 617 0000 0090D003 		.word	64000000
 618              		.text
 619              	.Letext0:
 620              		.file 2 "/usr/arm-none-eabi/include/machine/_default_types.h"
 621              		.file 3 "/usr/arm-none-eabi/include/sys/_stdint.h"
ARM GAS  /tmp/ccjGczVy.s 			page 22


 622              		.file 4 "Drivers/CMSIS/Include/core_cm7.h"
 623              		.file 5 "Drivers/CMSIS/Device/ST/STM32H7xx/Include/system_stm32h7xx.h"
 624              		.file 6 "Drivers/CMSIS/Device/ST/STM32H7xx/Include/stm32h743xx.h"
 625              		.file 7 "/usr/arm-none-eabi/include/math.h"
ARM GAS  /tmp/ccjGczVy.s 			page 23


DEFINED SYMBOLS
                            *ABS*:00000000 system_stm32h7xx.c
     /tmp/ccjGczVy.s:20     .text.SystemInit:00000000 $t
     /tmp/ccjGczVy.s:26     .text.SystemInit:00000000 SystemInit
     /tmp/ccjGczVy.s:176    .text.SystemInit:000000c8 $d
     /tmp/ccjGczVy.s:190    .text.SystemCoreClockUpdate:00000000 $t
     /tmp/ccjGczVy.s:196    .text.SystemCoreClockUpdate:00000000 SystemCoreClockUpdate
     /tmp/ccjGczVy.s:221    .text.SystemCoreClockUpdate:00000014 $d
     /tmp/ccjGczVy.s:246    .text.SystemCoreClockUpdate:00000046 $t
     /tmp/ccjGczVy.s:544    .text.SystemCoreClockUpdate:000001f0 $d
     /tmp/ccjGczVy.s:601    .rodata.D1CorePrescTable:00000000 D1CorePrescTable
     /tmp/ccjGczVy.s:609    .data.SystemD2Clock:00000000 SystemD2Clock
     /tmp/ccjGczVy.s:616    .data.SystemCoreClock:00000000 SystemCoreClock
     /tmp/ccjGczVy.s:558    .text.ExitRun0Mode:00000000 $t
     /tmp/ccjGczVy.s:564    .text.ExitRun0Mode:00000000 ExitRun0Mode
     /tmp/ccjGczVy.s:592    .text.ExitRun0Mode:00000014 $d
     /tmp/ccjGczVy.s:598    .rodata.D1CorePrescTable:00000000 $d
     /tmp/ccjGczVy.s:606    .data.SystemD2Clock:00000000 $d
     /tmp/ccjGczVy.s:613    .data.SystemCoreClock:00000000 $d

NO UNDEFINED SYMBOLS
